2026-02-25 14:39:35,904 | INFO | Iniciando procesamiento de parámetros...
2026-02-25 14:39:45,485 | INFO | Iniciando procesamiento de constancias...
2026-02-25 14:40:08,005 | WARNING | [generar] intento 1/2 falló: Page.wait_for_timeout: Target page, context or browser has been closed
2026-02-25 14:40:08,611 | WARNING | [generar] intento 2/2 falló: Locator.wait_for: Target page, context or browser has been closed
2026-02-25 14:40:09,819 | ERROR | [ERROR] generar_constancia_1654_GRUPO 03 | Locator.wait_for: Target page, context or browser has been closed
2026-02-25 14:40:09,819 | ERROR | Traceback (most recent call last):
  File "D:\proyectos\RobotPrueba\subp3\subproceso3.py", line 280, in guard_step
    return fn()
  File "D:\proyectos\RobotPrueba\subp3\subproceso3.py", line 513, in <lambda>
    lambda: retry(_generar, tries=2, step_name="generar", logger=logger)
            ~~~~~^^^^^^^^^^^^^^^^^^^^^^^^^^^^^^^^^^^^^^^^^^^^^^^^^^^^^^^
  File "D:\proyectos\RobotPrueba\subp3\subproceso3.py", line 230, in retry
    raise last
  File "D:\proyectos\RobotPrueba\subp3\subproceso3.py", line 224, in retry
    return action()
  File "D:\proyectos\RobotPrueba\subp3\subproceso3.py", line 454, in _generar
    row_loc.wait_for(state="visible", timeout=20000)
    ~~~~~~~~~~~~~~~~^^^^^^^^^^^^^^^^^^^^^^^^^^^^^^^^
  File "D:\proyectos\RobotPrueba\venv\Lib\site-packages\playwright\sync_api\_generated.py", line 18074, in wait_for
    self._sync(self._impl_obj.wait_for(timeout=timeout, state=state))
    ~~~~~~~~~~^^^^^^^^^^^^^^^^^^^^^^^^^^^^^^^^^^^^^^^^^^^^^^^^^^^^^^^
  File "D:\proyectos\RobotPrueba\venv\Lib\site-packages\playwright\_impl\_sync_base.py", line 115, in _sync
    return task.result()
           ~~~~~~~~~~~^^
  File "D:\proyectos\RobotPrueba\venv\Lib\site-packages\playwright\_impl\_locator.py", line 710, in wait_for
    await self._frame.wait_for_selector(
        self._selector, strict=True, timeout=timeout, state=state
    )
  File "D:\proyectos\RobotPrueba\venv\Lib\site-packages\playwright\_impl\_frame.py", line 369, in wait_for_selector
    await self._channel.send(
        "waitForSelector", self._timeout, locals_to_params(locals())
    )
  File "D:\proyectos\RobotPrueba\venv\Lib\site-packages\playwright\_impl\_connection.py", line 69, in send
    return await self._connection.wrap_api_call(
           ^^^^^^^^^^^^^^^^^^^^^^^^^^^^^^^^^^^^^
    ...<3 lines>...
    )
    ^
  File "D:\proyectos\RobotPrueba\venv\Lib\site-packages\playwright\_impl\_connection.py", line 559, in wrap_api_call
    raise rewrite_error(error, f"{parsed_st['apiName']}: {error}") from None
playwright._impl._errors.TargetClosedError: Locator.wait_for: Target page, context or browser has been closed

2026-02-25 14:40:09,828 | ERROR | [ERROR] oferta_goto_1654 | Page.goto: Target page, context or browser has been closed
2026-02-25 14:40:09,829 | ERROR | Traceback (most recent call last):
  File "D:\proyectos\RobotPrueba\subp3\subproceso3.py", line 280, in guard_step
    return fn()
  File "D:\proyectos\RobotPrueba\subp3\subproceso3.py", line 441, in _abrir_oferta
    pagina.goto(URLOFERTA, timeout=60000)
    ~~~~~~~~~~~^^^^^^^^^^^^^^^^^^^^^^^^^^
  File "D:\proyectos\RobotPrueba\venv\Lib\site-packages\playwright\sync_api\_generated.py", line 9054, in goto
    self._sync(
    ~~~~~~~~~~^
        self._impl_obj.goto(
        ^^^^^^^^^^^^^^^^^^^^
            url=url, timeout=timeout, waitUntil=wait_until, referer=referer
            ^^^^^^^^^^^^^^^^^^^^^^^^^^^^^^^^^^^^^^^^^^^^^^^^^^^^^^^^^^^^^^^
        )
        ^
    )
    ^
  File "D:\proyectos\RobotPrueba\venv\Lib\site-packages\playwright\_impl\_sync_base.py", line 115, in _sync
    return task.result()
           ~~~~~~~~~~~^^
  File "D:\proyectos\RobotPrueba\venv\Lib\site-packages\playwright\_impl\_page.py", line 552, in goto
    return await self._main_frame.goto(**locals_to_params(locals()))
           ^^^^^^^^^^^^^^^^^^^^^^^^^^^^^^^^^^^^^^^^^^^^^^^^^^^^^^^^^
  File "D:\proyectos\RobotPrueba\venv\Lib\site-packages\playwright\_impl\_frame.py", line 153, in goto
    await self._channel.send(
        "goto", self._navigation_timeout, locals_to_params(locals())
    )
  File "D:\proyectos\RobotPrueba\venv\Lib\site-packages\playwright\_impl\_connection.py", line 69, in send
    return await self._connection.wrap_api_call(
           ^^^^^^^^^^^^^^^^^^^^^^^^^^^^^^^^^^^^^
    ...<3 lines>...
    )
    ^
  File "D:\proyectos\RobotPrueba\venv\Lib\site-packages\playwright\_impl\_connection.py", line 559, in wrap_api_call
    raise rewrite_error(error, f"{parsed_st['apiName']}: {error}") from None
playwright._impl._errors.TargetClosedError: Page.goto: Target page, context or browser has been closed

2026-02-25 14:40:09,842 | WARNING | [generar] intento 1/2 falló: Locator.wait_for: Target page, context or browser has been closed
2026-02-25 14:40:10,446 | WARNING | [generar] intento 2/2 falló: Locator.wait_for: Target page, context or browser has been closed
2026-02-25 14:40:11,652 | ERROR | [ERROR] generar_constancia_1654_GRUPO 04 | Locator.wait_for: Target page, context or browser has been closed
2026-02-25 14:40:11,652 | ERROR | Traceback (most recent call last):
  File "D:\proyectos\RobotPrueba\subp3\subproceso3.py", line 280, in guard_step
    return fn()
  File "D:\proyectos\RobotPrueba\subp3\subproceso3.py", line 513, in <lambda>
    lambda: retry(_generar, tries=2, step_name="generar", logger=logger)
            ~~~~~^^^^^^^^^^^^^^^^^^^^^^^^^^^^^^^^^^^^^^^^^^^^^^^^^^^^^^^
  File "D:\proyectos\RobotPrueba\subp3\subproceso3.py", line 230, in retry
    raise last
  File "D:\proyectos\RobotPrueba\subp3\subproceso3.py", line 224, in retry
    return action()
  File "D:\proyectos\RobotPrueba\subp3\subproceso3.py", line 454, in _generar
    row_loc.wait_for(state="visible", timeout=20000)
    ~~~~~~~~~~~~~~~~^^^^^^^^^^^^^^^^^^^^^^^^^^^^^^^^
  File "D:\proyectos\RobotPrueba\venv\Lib\site-packages\playwright\sync_api\_generated.py", line 18074, in wait_for
    self._sync(self._impl_obj.wait_for(timeout=timeout, state=state))
    ~~~~~~~~~~^^^^^^^^^^^^^^^^^^^^^^^^^^^^^^^^^^^^^^^^^^^^^^^^^^^^^^^
  File "D:\proyectos\RobotPrueba\venv\Lib\site-packages\playwright\_impl\_sync_base.py", line 115, in _sync
    return task.result()
           ~~~~~~~~~~~^^
  File "D:\proyectos\RobotPrueba\venv\Lib\site-packages\playwright\_impl\_locator.py", line 710, in wait_for
    await self._frame.wait_for_selector(
        self._selector, strict=True, timeout=timeout, state=state
    )
  File "D:\proyectos\RobotPrueba\venv\Lib\site-packages\playwright\_impl\_frame.py", line 369, in wait_for_selector
    await self._channel.send(
        "waitForSelector", self._timeout, locals_to_params(locals())
    )
  File "D:\proyectos\RobotPrueba\venv\Lib\site-packages\playwright\_impl\_connection.py", line 69, in send
    return await self._connection.wrap_api_call(
           ^^^^^^^^^^^^^^^^^^^^^^^^^^^^^^^^^^^^^
    ...<3 lines>...
    )
    ^
  File "D:\proyectos\RobotPrueba\venv\Lib\site-packages\playwright\_impl\_connection.py", line 559, in wrap_api_call
    raise rewrite_error(error, f"{parsed_st['apiName']}: {error}") from None
playwright._impl._errors.TargetClosedError: Locator.wait_for: Target page, context or browser has been closed

2026-02-25 14:40:11,662 | ERROR | [ERROR] oferta_goto_1655 | Page.goto: Target page, context or browser has been closed
2026-02-25 14:40:11,663 | ERROR | Traceback (most recent call last):
  File "D:\proyectos\RobotPrueba\subp3\subproceso3.py", line 280, in guard_step
    return fn()
  File "D:\proyectos\RobotPrueba\subp3\subproceso3.py", line 441, in _abrir_oferta
    pagina.goto(URLOFERTA, timeout=60000)
    ~~~~~~~~~~~^^^^^^^^^^^^^^^^^^^^^^^^^^
  File "D:\proyectos\RobotPrueba\venv\Lib\site-packages\playwright\sync_api\_generated.py", line 9054, in goto
    self._sync(
    ~~~~~~~~~~^
        self._impl_obj.goto(
        ^^^^^^^^^^^^^^^^^^^^
            url=url, timeout=timeout, waitUntil=wait_until, referer=referer
            ^^^^^^^^^^^^^^^^^^^^^^^^^^^^^^^^^^^^^^^^^^^^^^^^^^^^^^^^^^^^^^^
        )
        ^
    )
    ^
  File "D:\proyectos\RobotPrueba\venv\Lib\site-packages\playwright\_impl\_sync_base.py", line 115, in _sync
    return task.result()
           ~~~~~~~~~~~^^
  File "D:\proyectos\RobotPrueba\venv\Lib\site-packages\playwright\_impl\_page.py", line 552, in goto
    return await self._main_frame.goto(**locals_to_params(locals()))
           ^^^^^^^^^^^^^^^^^^^^^^^^^^^^^^^^^^^^^^^^^^^^^^^^^^^^^^^^^
  File "D:\proyectos\RobotPrueba\venv\Lib\site-packages\playwright\_impl\_frame.py", line 153, in goto
    await self._channel.send(
        "goto", self._navigation_timeout, locals_to_params(locals())
    )
  File "D:\proyectos\RobotPrueba\venv\Lib\site-packages\playwright\_impl\_connection.py", line 69, in send
    return await self._connection.wrap_api_call(
           ^^^^^^^^^^^^^^^^^^^^^^^^^^^^^^^^^^^^^
    ...<3 lines>...
    )
    ^
  File "D:\proyectos\RobotPrueba\venv\Lib\site-packages\playwright\_impl\_connection.py", line 559, in wrap_api_call
    raise rewrite_error(error, f"{parsed_st['apiName']}: {error}") from None
playwright._impl._errors.TargetClosedError: Page.goto: Target page, context or browser has been closed

2026-02-25 14:40:11,669 | WARNING | [generar] intento 1/2 falló: Locator.wait_for: Target page, context or browser has been closed
2026-02-25 14:40:12,272 | WARNING | [generar] intento 2/2 falló: Locator.wait_for: Target page, context or browser has been closed
2026-02-25 14:40:13,489 | ERROR | [ERROR] generar_constancia_1655_GRUPO 01 | Locator.wait_for: Target page, context or browser has been closed
2026-02-25 14:40:13,490 | ERROR | Traceback (most recent call last):
  File "D:\proyectos\RobotPrueba\subp3\subproceso3.py", line 280, in guard_step
    return fn()
  File "D:\proyectos\RobotPrueba\subp3\subproceso3.py", line 513, in <lambda>
    lambda: retry(_generar, tries=2, step_name="generar", logger=logger)
            ~~~~~^^^^^^^^^^^^^^^^^^^^^^^^^^^^^^^^^^^^^^^^^^^^^^^^^^^^^^^
  File "D:\proyectos\RobotPrueba\subp3\subproceso3.py", line 230, in retry
    raise last
  File "D:\proyectos\RobotPrueba\subp3\subproceso3.py", line 224, in retry
    return action()
  File "D:\proyectos\RobotPrueba\subp3\subproceso3.py", line 454, in _generar
    row_loc.wait_for(state="visible", timeout=20000)
    ~~~~~~~~~~~~~~~~^^^^^^^^^^^^^^^^^^^^^^^^^^^^^^^^
  File "D:\proyectos\RobotPrueba\venv\Lib\site-packages\playwright\sync_api\_generated.py", line 18074, in wait_for
    self._sync(self._impl_obj.wait_for(timeout=timeout, state=state))
    ~~~~~~~~~~^^^^^^^^^^^^^^^^^^^^^^^^^^^^^^^^^^^^^^^^^^^^^^^^^^^^^^^
  File "D:\proyectos\RobotPrueba\venv\Lib\site-packages\playwright\_impl\_sync_base.py", line 115, in _sync
    return task.result()
           ~~~~~~~~~~~^^
  File "D:\proyectos\RobotPrueba\venv\Lib\site-packages\playwright\_impl\_locator.py", line 710, in wait_for
    await self._frame.wait_for_selector(
        self._selector, strict=True, timeout=timeout, state=state
    )
  File "D:\proyectos\RobotPrueba\venv\Lib\site-packages\playwright\_impl\_frame.py", line 369, in wait_for_selector
    await self._channel.send(
        "waitForSelector", self._timeout, locals_to_params(locals())
    )
  File "D:\proyectos\RobotPrueba\venv\Lib\site-packages\playwright\_impl\_connection.py", line 69, in send
    return await self._connection.wrap_api_call(
           ^^^^^^^^^^^^^^^^^^^^^^^^^^^^^^^^^^^^^
    ...<3 lines>...
    )
    ^
  File "D:\proyectos\RobotPrueba\venv\Lib\site-packages\playwright\_impl\_connection.py", line 559, in wrap_api_call
    raise rewrite_error(error, f"{parsed_st['apiName']}: {error}") from None
playwright._impl._errors.TargetClosedError: Locator.wait_for: Target page, context or browser has been closed

2026-02-25 14:40:13,499 | ERROR | [ERROR] oferta_goto_1655 | Page.goto: Target page, context or browser has been closed
2026-02-25 14:40:13,500 | ERROR | Traceback (most recent call last):
  File "D:\proyectos\RobotPrueba\subp3\subproceso3.py", line 280, in guard_step
    return fn()
  File "D:\proyectos\RobotPrueba\subp3\subproceso3.py", line 441, in _abrir_oferta
    pagina.goto(URLOFERTA, timeout=60000)
    ~~~~~~~~~~~^^^^^^^^^^^^^^^^^^^^^^^^^^
  File "D:\proyectos\RobotPrueba\venv\Lib\site-packages\playwright\sync_api\_generated.py", line 9054, in goto
    self._sync(
    ~~~~~~~~~~^
        self._impl_obj.goto(
        ^^^^^^^^^^^^^^^^^^^^
            url=url, timeout=timeout, waitUntil=wait_until, referer=referer
            ^^^^^^^^^^^^^^^^^^^^^^^^^^^^^^^^^^^^^^^^^^^^^^^^^^^^^^^^^^^^^^^
        )
        ^
    )
    ^
  File "D:\proyectos\RobotPrueba\venv\Lib\site-packages\playwright\_impl\_sync_base.py", line 115, in _sync
    return task.result()
           ~~~~~~~~~~~^^
  File "D:\proyectos\RobotPrueba\venv\Lib\site-packages\playwright\_impl\_page.py", line 552, in goto
    return await self._main_frame.goto(**locals_to_params(locals()))
           ^^^^^^^^^^^^^^^^^^^^^^^^^^^^^^^^^^^^^^^^^^^^^^^^^^^^^^^^^
  File "D:\proyectos\RobotPrueba\venv\Lib\site-packages\playwright\_impl\_frame.py", line 153, in goto
    await self._channel.send(
        "goto", self._navigation_timeout, locals_to_params(locals())
    )
  File "D:\proyectos\RobotPrueba\venv\Lib\site-packages\playwright\_impl\_connection.py", line 69, in send
    return await self._connection.wrap_api_call(
           ^^^^^^^^^^^^^^^^^^^^^^^^^^^^^^^^^^^^^
    ...<3 lines>...
    )
    ^
  File "D:\proyectos\RobotPrueba\venv\Lib\site-packages\playwright\_impl\_connection.py", line 559, in wrap_api_call
    raise rewrite_error(error, f"{parsed_st['apiName']}: {error}") from None
playwright._impl._errors.TargetClosedError: Page.goto: Target page, context or browser has been closed

2026-02-25 14:40:13,506 | WARNING | [generar] intento 1/2 falló: Locator.wait_for: Target page, context or browser has been closed
2026-02-25 14:40:14,108 | WARNING | [generar] intento 2/2 falló: Locator.wait_for: Target page, context or browser has been closed
2026-02-25 14:40:15,314 | ERROR | [ERROR] generar_constancia_1655_GRUPO 02 | Locator.wait_for: Target page, context or browser has been closed
2026-02-25 14:40:15,315 | ERROR | Traceback (most recent call last):
  File "D:\proyectos\RobotPrueba\subp3\subproceso3.py", line 280, in guard_step
    return fn()
  File "D:\proyectos\RobotPrueba\subp3\subproceso3.py", line 513, in <lambda>
    lambda: retry(_generar, tries=2, step_name="generar", logger=logger)
            ~~~~~^^^^^^^^^^^^^^^^^^^^^^^^^^^^^^^^^^^^^^^^^^^^^^^^^^^^^^^
  File "D:\proyectos\RobotPrueba\subp3\subproceso3.py", line 230, in retry
    raise last
  File "D:\proyectos\RobotPrueba\subp3\subproceso3.py", line 224, in retry
    return action()
  File "D:\proyectos\RobotPrueba\subp3\subproceso3.py", line 454, in _generar
    row_loc.wait_for(state="visible", timeout=20000)
    ~~~~~~~~~~~~~~~~^^^^^^^^^^^^^^^^^^^^^^^^^^^^^^^^
  File "D:\proyectos\RobotPrueba\venv\Lib\site-packages\playwright\sync_api\_generated.py", line 18074, in wait_for
    self._sync(self._impl_obj.wait_for(timeout=timeout, state=state))
    ~~~~~~~~~~^^^^^^^^^^^^^^^^^^^^^^^^^^^^^^^^^^^^^^^^^^^^^^^^^^^^^^^
  File "D:\proyectos\RobotPrueba\venv\Lib\site-packages\playwright\_impl\_sync_base.py", line 115, in _sync
    return task.result()
           ~~~~~~~~~~~^^
  File "D:\proyectos\RobotPrueba\venv\Lib\site-packages\playwright\_impl\_locator.py", line 710, in wait_for
    await self._frame.wait_for_selector(
        self._selector, strict=True, timeout=timeout, state=state
    )
  File "D:\proyectos\RobotPrueba\venv\Lib\site-packages\playwright\_impl\_frame.py", line 369, in wait_for_selector
    await self._channel.send(
        "waitForSelector", self._timeout, locals_to_params(locals())
    )
  File "D:\proyectos\RobotPrueba\venv\Lib\site-packages\playwright\_impl\_connection.py", line 69, in send
    return await self._connection.wrap_api_call(
           ^^^^^^^^^^^^^^^^^^^^^^^^^^^^^^^^^^^^^
    ...<3 lines>...
    )
    ^
  File "D:\proyectos\RobotPrueba\venv\Lib\site-packages\playwright\_impl\_connection.py", line 559, in wrap_api_call
    raise rewrite_error(error, f"{parsed_st['apiName']}: {error}") from None
playwright._impl._errors.TargetClosedError: Locator.wait_for: Target page, context or browser has been closed

2026-02-25 14:40:15,327 | ERROR | [ERROR] oferta_goto_1655 | Page.goto: Target page, context or browser has been closed
2026-02-25 14:40:15,328 | ERROR | Traceback (most recent call last):
  File "D:\proyectos\RobotPrueba\subp3\subproceso3.py", line 280, in guard_step
    return fn()
  File "D:\proyectos\RobotPrueba\subp3\subproceso3.py", line 441, in _abrir_oferta
    pagina.goto(URLOFERTA, timeout=60000)
    ~~~~~~~~~~~^^^^^^^^^^^^^^^^^^^^^^^^^^
  File "D:\proyectos\RobotPrueba\venv\Lib\site-packages\playwright\sync_api\_generated.py", line 9054, in goto
    self._sync(
    ~~~~~~~~~~^
        self._impl_obj.goto(
        ^^^^^^^^^^^^^^^^^^^^
            url=url, timeout=timeout, waitUntil=wait_until, referer=referer
            ^^^^^^^^^^^^^^^^^^^^^^^^^^^^^^^^^^^^^^^^^^^^^^^^^^^^^^^^^^^^^^^
        )
        ^
    )
    ^
  File "D:\proyectos\RobotPrueba\venv\Lib\site-packages\playwright\_impl\_sync_base.py", line 115, in _sync
    return task.result()
           ~~~~~~~~~~~^^
  File "D:\proyectos\RobotPrueba\venv\Lib\site-packages\playwright\_impl\_page.py", line 552, in goto
    return await self._main_frame.goto(**locals_to_params(locals()))
           ^^^^^^^^^^^^^^^^^^^^^^^^^^^^^^^^^^^^^^^^^^^^^^^^^^^^^^^^^
  File "D:\proyectos\RobotPrueba\venv\Lib\site-packages\playwright\_impl\_frame.py", line 153, in goto
    await self._channel.send(
        "goto", self._navigation_timeout, locals_to_params(locals())
    )
  File "D:\proyectos\RobotPrueba\venv\Lib\site-packages\playwright\_impl\_connection.py", line 69, in send
    return await self._connection.wrap_api_call(
           ^^^^^^^^^^^^^^^^^^^^^^^^^^^^^^^^^^^^^
    ...<3 lines>...
    )
    ^
  File "D:\proyectos\RobotPrueba\venv\Lib\site-packages\playwright\_impl\_connection.py", line 559, in wrap_api_call
    raise rewrite_error(error, f"{parsed_st['apiName']}: {error}") from None
playwright._impl._errors.TargetClosedError: Page.goto: Target page, context or browser has been closed

2026-02-25 14:40:15,333 | WARNING | [generar] intento 1/2 falló: Locator.wait_for: Target page, context or browser has been closed
2026-02-25 14:40:15,936 | WARNING | [generar] intento 2/2 falló: Locator.wait_for: Target page, context or browser has been closed
2026-02-25 14:40:17,142 | ERROR | [ERROR] generar_constancia_1655_GRUPO 03 | Locator.wait_for: Target page, context or browser has been closed
2026-02-25 14:40:17,143 | ERROR | Traceback (most recent call last):
  File "D:\proyectos\RobotPrueba\subp3\subproceso3.py", line 280, in guard_step
    return fn()
  File "D:\proyectos\RobotPrueba\subp3\subproceso3.py", line 513, in <lambda>
    lambda: retry(_generar, tries=2, step_name="generar", logger=logger)
            ~~~~~^^^^^^^^^^^^^^^^^^^^^^^^^^^^^^^^^^^^^^^^^^^^^^^^^^^^^^^
  File "D:\proyectos\RobotPrueba\subp3\subproceso3.py", line 230, in retry
    raise last
  File "D:\proyectos\RobotPrueba\subp3\subproceso3.py", line 224, in retry
    return action()
  File "D:\proyectos\RobotPrueba\subp3\subproceso3.py", line 454, in _generar
    row_loc.wait_for(state="visible", timeout=20000)
    ~~~~~~~~~~~~~~~~^^^^^^^^^^^^^^^^^^^^^^^^^^^^^^^^
  File "D:\proyectos\RobotPrueba\venv\Lib\site-packages\playwright\sync_api\_generated.py", line 18074, in wait_for
    self._sync(self._impl_obj.wait_for(timeout=timeout, state=state))
    ~~~~~~~~~~^^^^^^^^^^^^^^^^^^^^^^^^^^^^^^^^^^^^^^^^^^^^^^^^^^^^^^^
  File "D:\proyectos\RobotPrueba\venv\Lib\site-packages\playwright\_impl\_sync_base.py", line 115, in _sync
    return task.result()
           ~~~~~~~~~~~^^
  File "D:\proyectos\RobotPrueba\venv\Lib\site-packages\playwright\_impl\_locator.py", line 710, in wait_for
    await self._frame.wait_for_selector(
        self._selector, strict=True, timeout=timeout, state=state
    )
  File "D:\proyectos\RobotPrueba\venv\Lib\site-packages\playwright\_impl\_frame.py", line 369, in wait_for_selector
    await self._channel.send(
        "waitForSelector", self._timeout, locals_to_params(locals())
    )
  File "D:\proyectos\RobotPrueba\venv\Lib\site-packages\playwright\_impl\_connection.py", line 69, in send
    return await self._connection.wrap_api_call(
           ^^^^^^^^^^^^^^^^^^^^^^^^^^^^^^^^^^^^^
    ...<3 lines>...
    )
    ^
  File "D:\proyectos\RobotPrueba\venv\Lib\site-packages\playwright\_impl\_connection.py", line 559, in wrap_api_call
    raise rewrite_error(error, f"{parsed_st['apiName']}: {error}") from None
playwright._impl._errors.TargetClosedError: Locator.wait_for: Target page, context or browser has been closed

2026-02-25 14:40:17,153 | ERROR | [ERROR] oferta_goto_1655 | Page.goto: Target page, context or browser has been closed
2026-02-25 14:40:17,153 | ERROR | Traceback (most recent call last):
  File "D:\proyectos\RobotPrueba\subp3\subproceso3.py", line 280, in guard_step
    return fn()
  File "D:\proyectos\RobotPrueba\subp3\subproceso3.py", line 441, in _abrir_oferta
    pagina.goto(URLOFERTA, timeout=60000)
    ~~~~~~~~~~~^^^^^^^^^^^^^^^^^^^^^^^^^^
  File "D:\proyectos\RobotPrueba\venv\Lib\site-packages\playwright\sync_api\_generated.py", line 9054, in goto
    self._sync(
    ~~~~~~~~~~^
        self._impl_obj.goto(
        ^^^^^^^^^^^^^^^^^^^^
            url=url, timeout=timeout, waitUntil=wait_until, referer=referer
            ^^^^^^^^^^^^^^^^^^^^^^^^^^^^^^^^^^^^^^^^^^^^^^^^^^^^^^^^^^^^^^^
        )
        ^
    )
    ^
  File "D:\proyectos\RobotPrueba\venv\Lib\site-packages\playwright\_impl\_sync_base.py", line 115, in _sync
    return task.result()
           ~~~~~~~~~~~^^
  File "D:\proyectos\RobotPrueba\venv\Lib\site-packages\playwright\_impl\_page.py", line 552, in goto
    return await self._main_frame.goto(**locals_to_params(locals()))
           ^^^^^^^^^^^^^^^^^^^^^^^^^^^^^^^^^^^^^^^^^^^^^^^^^^^^^^^^^
  File "D:\proyectos\RobotPrueba\venv\Lib\site-packages\playwright\_impl\_frame.py", line 153, in goto
    await self._channel.send(
        "goto", self._navigation_timeout, locals_to_params(locals())
    )
  File "D:\proyectos\RobotPrueba\venv\Lib\site-packages\playwright\_impl\_connection.py", line 69, in send
    return await self._connection.wrap_api_call(
           ^^^^^^^^^^^^^^^^^^^^^^^^^^^^^^^^^^^^^
    ...<3 lines>...
    )
    ^
  File "D:\proyectos\RobotPrueba\venv\Lib\site-packages\playwright\_impl\_connection.py", line 559, in wrap_api_call
    raise rewrite_error(error, f"{parsed_st['apiName']}: {error}") from None
playwright._impl._errors.TargetClosedError: Page.goto: Target page, context or browser has been closed

2026-02-25 14:40:17,160 | WARNING | [generar] intento 1/2 falló: Locator.wait_for: Target page, context or browser has been closed
2026-02-25 14:40:17,762 | WARNING | [generar] intento 2/2 falló: Locator.wait_for: Target page, context or browser has been closed
2026-02-25 14:40:18,967 | ERROR | [ERROR] generar_constancia_1655_GRUPO 04 | Locator.wait_for: Target page, context or browser has been closed
2026-02-25 14:40:18,968 | ERROR | Traceback (most recent call last):
  File "D:\proyectos\RobotPrueba\subp3\subproceso3.py", line 280, in guard_step
    return fn()
  File "D:\proyectos\RobotPrueba\subp3\subproceso3.py", line 513, in <lambda>
    lambda: retry(_generar, tries=2, step_name="generar", logger=logger)
            ~~~~~^^^^^^^^^^^^^^^^^^^^^^^^^^^^^^^^^^^^^^^^^^^^^^^^^^^^^^^
  File "D:\proyectos\RobotPrueba\subp3\subproceso3.py", line 230, in retry
    raise last
  File "D:\proyectos\RobotPrueba\subp3\subproceso3.py", line 224, in retry
    return action()
  File "D:\proyectos\RobotPrueba\subp3\subproceso3.py", line 454, in _generar
    row_loc.wait_for(state="visible", timeout=20000)
    ~~~~~~~~~~~~~~~~^^^^^^^^^^^^^^^^^^^^^^^^^^^^^^^^
  File "D:\proyectos\RobotPrueba\venv\Lib\site-packages\playwright\sync_api\_generated.py", line 18074, in wait_for
    self._sync(self._impl_obj.wait_for(timeout=timeout, state=state))
    ~~~~~~~~~~^^^^^^^^^^^^^^^^^^^^^^^^^^^^^^^^^^^^^^^^^^^^^^^^^^^^^^^
  File "D:\proyectos\RobotPrueba\venv\Lib\site-packages\playwright\_impl\_sync_base.py", line 115, in _sync
    return task.result()
           ~~~~~~~~~~~^^
  File "D:\proyectos\RobotPrueba\venv\Lib\site-packages\playwright\_impl\_locator.py", line 710, in wait_for
    await self._frame.wait_for_selector(
        self._selector, strict=True, timeout=timeout, state=state
    )
  File "D:\proyectos\RobotPrueba\venv\Lib\site-packages\playwright\_impl\_frame.py", line 369, in wait_for_selector
    await self._channel.send(
        "waitForSelector", self._timeout, locals_to_params(locals())
    )
  File "D:\proyectos\RobotPrueba\venv\Lib\site-packages\playwright\_impl\_connection.py", line 69, in send
    return await self._connection.wrap_api_call(
           ^^^^^^^^^^^^^^^^^^^^^^^^^^^^^^^^^^^^^
    ...<3 lines>...
    )
    ^
  File "D:\proyectos\RobotPrueba\venv\Lib\site-packages\playwright\_impl\_connection.py", line 559, in wrap_api_call
    raise rewrite_error(error, f"{parsed_st['apiName']}: {error}") from None
playwright._impl._errors.TargetClosedError: Locator.wait_for: Target page, context or browser has been closed

