2026-02-25 18:05:17,237 | INFO | Iniciando procesamiento de parámetros...
2026-02-25 18:05:47,912 | ERROR | [ERROR] param_goto_164_538 | Locator.wait_for: Timeout 30000ms exceeded.
Call log:
  - waiting for locator("nb-select") to be visible

2026-02-25 18:05:47,913 | ERROR | Traceback (most recent call last):
  File "D:\proyectos\RobotPrueba\subp3\subproceso3.py", line 280, in guard_step
    return fn()
  File "D:\proyectos\RobotPrueba\subp3\subproceso3.py", line 365, in _ir_parametros
    wait_visible(pagina, "nb-select", timeout=30000)
    ~~~~~~~~~~~~^^^^^^^^^^^^^^^^^^^^^^^^^^^^^^^^^^^^
  File "D:\proyectos\RobotPrueba\subp3\subproceso3.py", line 234, in wait_visible
    page.locator(selector).wait_for(state="visible", timeout=timeout)
    ~~~~~~~~~~~~~~~~~~~~~~~~~~~~~~~^^^^^^^^^^^^^^^^^^^^^^^^^^^^^^^^^^
  File "D:\proyectos\RobotPrueba\venv\Lib\site-packages\playwright\sync_api\_generated.py", line 18074, in wait_for
    self._sync(self._impl_obj.wait_for(timeout=timeout, state=state))
    ~~~~~~~~~~^^^^^^^^^^^^^^^^^^^^^^^^^^^^^^^^^^^^^^^^^^^^^^^^^^^^^^^
  File "D:\proyectos\RobotPrueba\venv\Lib\site-packages\playwright\_impl\_sync_base.py", line 115, in _sync
    return task.result()
           ~~~~~~~~~~~^^
  File "D:\proyectos\RobotPrueba\venv\Lib\site-packages\playwright\_impl\_locator.py", line 710, in wait_for
    await self._frame.wait_for_selector(
        self._selector, strict=True, timeout=timeout, state=state
    )
  File "D:\proyectos\RobotPrueba\venv\Lib\site-packages\playwright\_impl\_frame.py", line 369, in wait_for_selector
    await self._channel.send(
        "waitForSelector", self._timeout, locals_to_params(locals())
    )
  File "D:\proyectos\RobotPrueba\venv\Lib\site-packages\playwright\_impl\_connection.py", line 69, in send
    return await self._connection.wrap_api_call(
           ^^^^^^^^^^^^^^^^^^^^^^^^^^^^^^^^^^^^^
    ...<3 lines>...
    )
    ^
  File "D:\proyectos\RobotPrueba\venv\Lib\site-packages\playwright\_impl\_connection.py", line 559, in wrap_api_call
    raise rewrite_error(error, f"{parsed_st['apiName']}: {error}") from None
playwright._impl._errors.TimeoutError: Locator.wait_for: Timeout 30000ms exceeded.
Call log:
  - waiting for locator("nb-select") to be visible


